<?xml version="1.0" encoding="UTF-8"?>
<testsuite name="babysitter.BabySitterTest" tests="1" skipped="0" failures="0" errors="0" timestamp="2020-11-18T03:41:59" hostname="UNIT2020-25" time="0.004">
  <properties/>
  <testcase name="oneHourPostMidnightPreShiftEndShouldPay16" classname="babysitter.BabySitterTest" time="0.004"/>
  <system-out><![CDATA[]]></system-out>
  <system-err><![CDATA[]]></system-err>
</testsuite>
